Build started 15.10.2012 18:57:31.
Project "C:\my\knight_2.0\knight\knight\knight.vcxproj" on node 2 (build target(s)).
InitializeBuildStatus:
  Creating "Debug\knight.unsuccessfulbuild" because "AlwaysCreate" was specified.
ClCompile:
  C:\Program Files\Microsoft Visual Studio 10.0\VC\bin\CL.exe /c /ZI /nologo /W3 /WX- /Od /Oy- /D WIN32 /D _DEBUG /D _CONSOLE /D _UNICODE /D UNICODE /Gm /EHsc /RTC1 /MDd /GS /fp:precise /Zc:wchar_t /Zc:forScope /Fo"Debug\\" /Fd"Debug\vc100.pdb" /Gd /TP /analyze- /errorReport:prompt knight.cpp main.cpp
  main.cpp
  knight.cpp
  Generating Code...
ManifestResourceCompile:
  C:\Program Files\Microsoft SDKs\Windows\v7.0A\bin\rc.exe /nologo /fo"Debug\knight.exe.embed.manifest.res" Debug\knight_manifest.rc 
Link:
  C:\Program Files\Microsoft Visual Studio 10.0\VC\bin\link.exe /ERRORREPORT:PROMPT /OUT:"C:\my\knight_2.0\knight\Debug\knight.exe" /INCREMENTAL /NOLOGO kernel32.lib user32.lib gdi32.lib winspool.lib comdlg32.lib advapi32.lib shell32.lib ole32.lib oleaut32.lib uuid.lib odbc32.lib odbccp32.lib /MANIFEST /ManifestFile:"Debug\knight.exe.intermediate.manifest" /MANIFESTUAC:"level='asInvoker' uiAccess='false'" /DEBUG /PDB:"C:\my\knight_2.0\knight\Debug\knight.pdb" /SUBSYSTEM:CONSOLE /TLBID:1 /DYNAMICBASE /NXCOMPAT /IMPLIB:"C:\my\knight_2.0\knight\Debug\knight.lib" /MACHINE:X86 Debug\knight.exe.embed.manifest.res
  Debug\knight.obj
  Debug\main.obj
  LINK : C:\my\knight_2.0\knight\Debug\knight.exe not found or not built by the last incremental link; performing full link
Manifest:
  C:\Program Files\Microsoft SDKs\Windows\v7.0A\bin\mt.exe /nologo /verbose /out:"Debug\knight.exe.embed.manifest" /manifest Debug\knight.exe.intermediate.manifest
  All outputs are up-to-date.
LinkEmbedManifest:
  All outputs are up-to-date.
  knight.vcxproj -> C:\my\knight_2.0\knight\Debug\knight.exe
FinalizeBuildStatus:
  Deleting file "Debug\knight.unsuccessfulbuild".
  Touching "Debug\knight.lastbuildstate".
Done Building Project "C:\my\knight_2.0\knight\knight\knight.vcxproj" (build target(s)).

Build succeeded.

Time Elapsed 00:00:10.63
